Analysis & Synthesis report for Receive_Port
Tue Apr 28 12:40:17 2015
Quartus II Version 9.1 Build 350 03/24/2010 Service Pack 2 SJ Web Edition


---------------------
; Table of Contents ;
---------------------
  1. Legal Notice
  2. Analysis & Synthesis Summary
  3. Analysis & Synthesis Settings
  4. Parallel Compilation
  5. Analysis & Synthesis Source Files Read
  6. Analysis & Synthesis Resource Usage Summary
  7. Analysis & Synthesis Resource Utilization by Entity
  8. Analysis & Synthesis RAM Summary
  9. State Machine - |crc_system_test|CRC_System:crc_system_inst|CRC_FSM:CRC_FSM_inst|state_reg
 10. State Machine - |crc_system_test|SFD_FSM:sfd_fsm_inst|y_current
 11. State Machine - |crc_system_test|MII_to_RCV:phy_inst|y_current
 12. Registers Removed During Synthesis
 13. General Register Statistics
 14. Source assignments for MII_to_RCV:phy_inst|framemem:frame_test_mem|altsyncram:altsyncram_component|altsyncram_e781:auto_generated
 15. Source assignments for MII_to_RCV:phy_inst|cntr12bit:cntrx|lpm_counter:lpm_counter_component
 16. Parameter Settings for User Entity Instance: MII_to_RCV:phy_inst|framemem:frame_test_mem|altsyncram:altsyncram_component
 17. Parameter Settings for User Entity Instance: MII_to_RCV:phy_inst|cntr12bit:cntrx|lpm_counter:lpm_counter_component
 18. Parameter Settings for User Entity Instance: SFD_FSM:sfd_fsm_inst|shift1_4bit:shift4bit_inst|lpm_shiftreg:lpm_shiftreg_component
 19. Parameter Settings for User Entity Instance: CRC_System:crc_system_inst|CRC_FSM:CRC_FSM_inst|shift1_1bit:shift_check_result|lpm_shiftreg:lpm_shiftreg_component
 20. Parameter Settings for User Entity Instance: CRC_System:crc_system_inst|crc32x4r:crc32x4r_inst|crcreg32:crcreg32r|lpm_shiftreg:lpm_shiftreg_component
 21. altsyncram Parameter Settings by Entity Instance
 22. lpm_shiftreg Parameter Settings by Entity Instance
 23. Port Connectivity Checks: "CRC_System:crc_system_inst|crc32x4r:crc32x4r_inst|crcreg32:crcreg32r"
 24. Analysis & Synthesis Messages



----------------
; Legal Notice ;
----------------
Copyright (C) 1991-2010 Altera Corporation
Your use of Altera Corporation's design tools, logic functions 
and other software and tools, and its AMPP partner logic 
functions, and any output files from any of the foregoing 
(including device programming or simulation files), and any 
associated documentation or information are expressly subject 
to the terms and conditions of the Altera Program License 
Subscription Agreement, Altera MegaCore Function License 
Agreement, or other applicable license agreement, including, 
without limitation, that your use is for the sole purpose of 
programming logic devices manufactured by Altera and sold by 
Altera or its authorized distributors.  Please refer to the 
applicable agreement for further details.



+-----------------------------------------------------------------------------------+
; Analysis & Synthesis Summary                                                      ;
+------------------------------------+----------------------------------------------+
; Analysis & Synthesis Status        ; Successful - Tue Apr 28 12:40:17 2015        ;
; Quartus II Version                 ; 9.1 Build 350 03/24/2010 SP 2 SJ Web Edition ;
; Revision Name                      ; Receive_Port                                 ;
; Top-level Entity Name              ; crc_system_test                              ;
; Family                             ; Cyclone II                                   ;
; Total logic elements               ; 104                                          ;
;     Total combinational functions  ; 93                                           ;
;     Dedicated logic registers      ; 70                                           ;
; Total registers                    ; 70                                           ;
; Total pins                         ; 6                                            ;
; Total virtual pins                 ; 0                                            ;
; Total memory bits                  ; 4,096                                        ;
; Embedded Multiplier 9-bit elements ; 0                                            ;
; Total PLLs                         ; 0                                            ;
+------------------------------------+----------------------------------------------+


+----------------------------------------------------------------------------------------------------------------------+
; Analysis & Synthesis Settings                                                                                        ;
+----------------------------------------------------------------------------+--------------------+--------------------+
; Option                                                                     ; Setting            ; Default Value      ;
+----------------------------------------------------------------------------+--------------------+--------------------+
; Device                                                                     ; EP2C35F672C6       ;                    ;
; Top-level entity name                                                      ; crc_system_test    ; Receive_Port       ;
; Family name                                                                ; Cyclone II         ; Stratix II         ;
; Use Generated Physical Constraints File                                    ; Off                ;                    ;
; Use smart compilation                                                      ; Off                ; Off                ;
; Enable parallel Assembler and TimeQuest Timing Analyzer during compilation ; On                 ; On                 ;
; Enable compact report table                                                ; Off                ; Off                ;
; Restructure Multiplexers                                                   ; Auto               ; Auto               ;
; Create Debugging Nodes for IP Cores                                        ; Off                ; Off                ;
; Preserve fewer node names                                                  ; On                 ; On                 ;
; Disable OpenCore Plus hardware evaluation                                  ; Off                ; Off                ;
; Verilog Version                                                            ; Verilog_2001       ; Verilog_2001       ;
; VHDL Version                                                               ; VHDL_1993          ; VHDL_1993          ;
; State Machine Processing                                                   ; Auto               ; Auto               ;
; Safe State Machine                                                         ; Off                ; Off                ;
; Extract Verilog State Machines                                             ; On                 ; On                 ;
; Extract VHDL State Machines                                                ; On                 ; On                 ;
; Ignore Verilog initial constructs                                          ; Off                ; Off                ;
; Iteration limit for constant Verilog loops                                 ; 5000               ; 5000               ;
; Iteration limit for non-constant Verilog loops                             ; 250                ; 250                ;
; Add Pass-Through Logic to Inferred RAMs                                    ; On                 ; On                 ;
; Parallel Synthesis                                                         ; On                 ; On                 ;
; DSP Block Balancing                                                        ; Auto               ; Auto               ;
; NOT Gate Push-Back                                                         ; On                 ; On                 ;
; Power-Up Don't Care                                                        ; On                 ; On                 ;
; Remove Redundant Logic Cells                                               ; Off                ; Off                ;
; Remove Duplicate Registers                                                 ; On                 ; On                 ;
; Ignore CARRY Buffers                                                       ; Off                ; Off                ;
; Ignore CASCADE Buffers                                                     ; Off                ; Off                ;
; Ignore GLOBAL Buffers                                                      ; Off                ; Off                ;
; Ignore ROW GLOBAL Buffers                                                  ; Off                ; Off                ;
; Ignore LCELL Buffers                                                       ; Off                ; Off                ;
; Ignore SOFT Buffers                                                        ; On                 ; On                 ;
; Limit AHDL Integers to 32 Bits                                             ; Off                ; Off                ;
; Optimization Technique                                                     ; Balanced           ; Balanced           ;
; Carry Chain Length                                                         ; 70                 ; 70                 ;
; Auto Carry Chains                                                          ; On                 ; On                 ;
; Auto Open-Drain Pins                                                       ; On                 ; On                 ;
; Perform WYSIWYG Primitive Resynthesis                                      ; Off                ; Off                ;
; Auto ROM Replacement                                                       ; On                 ; On                 ;
; Auto RAM Replacement                                                       ; On                 ; On                 ;
; Auto Shift Register Replacement                                            ; Auto               ; Auto               ;
; Auto Clock Enable Replacement                                              ; On                 ; On                 ;
; Strict RAM Replacement                                                     ; Off                ; Off                ;
; Allow Synchronous Control Signals                                          ; On                 ; On                 ;
; Force Use of Synchronous Clear Signals                                     ; Off                ; Off                ;
; Auto RAM to Logic Cell Conversion                                          ; Off                ; Off                ;
; Auto Resource Sharing                                                      ; Off                ; Off                ;
; Allow Any RAM Size For Recognition                                         ; Off                ; Off                ;
; Allow Any ROM Size For Recognition                                         ; Off                ; Off                ;
; Allow Any Shift Register Size For Recognition                              ; Off                ; Off                ;
; Use LogicLock Constraints during Resource Balancing                        ; On                 ; On                 ;
; Ignore translate_off and synthesis_off directives                          ; Off                ; Off                ;
; Timing-Driven Synthesis                                                    ; Off                ; Off                ;
; Show Parameter Settings Tables in Synthesis Report                         ; On                 ; On                 ;
; Ignore Maximum Fan-Out Assignments                                         ; Off                ; Off                ;
; Synchronization Register Chain Length                                      ; 2                  ; 2                  ;
; PowerPlay Power Optimization                                               ; Normal compilation ; Normal compilation ;
; HDL message level                                                          ; Level2             ; Level2             ;
; Suppress Register Optimization Related Messages                            ; Off                ; Off                ;
; Number of Removed Registers Reported in Synthesis Report                   ; 5000               ; 5000               ;
; Number of Inverted Registers Reported in Synthesis Report                  ; 100                ; 100                ;
; Clock MUX Protection                                                       ; On                 ; On                 ;
; Auto Gated Clock Conversion                                                ; Off                ; Off                ;
; Block Design Naming                                                        ; Auto               ; Auto               ;
; SDC constraint protection                                                  ; Off                ; Off                ;
; Synthesis Effort                                                           ; Auto               ; Auto               ;
; Shift Register Replacement - Allow Asynchronous Clear Signal               ; On                 ; On                 ;
; Analysis & Synthesis Message Level                                         ; Medium             ; Medium             ;
; Disable Register Merging Across Hierarchies                                ; Auto               ; Auto               ;
; Resource Aware Inference For Block RAM                                     ; On                 ; On                 ;
+----------------------------------------------------------------------------+--------------------+--------------------+


Parallel compilation was disabled, but you have multiple processors available. Enable parallel compilation to reduce compilation time.
+-------------------------------------+
; Parallel Compilation                ;
+----------------------------+--------+
; Processors                 ; Number ;
+----------------------------+--------+
; Number detected on machine ; 2      ;
; Maximum allowed            ; 1      ;
+----------------------------+--------+


+----------------------------------------------------------------------------------------------------------------------------------------------------------------------------------------------+
; Analysis & Synthesis Source Files Read                                                                                                                                                       ;
+---------------------------------------+-----------------+----------------------------------------+-------------------------------------------------------------------------------------------+
; File Name with User-Entered Path      ; Used in Netlist ; File Type                              ; File Name with Absolute Path                                                              ;
+---------------------------------------+-----------------+----------------------------------------+-------------------------------------------------------------------------------------------+
; ../MII_to_RCV_restored/cntr12bit.vhd  ; yes             ; User Wizard-Generated File             ; C:/Users/Negatu/Desktop/Spring 2015 - Dawning/ECE-559/MII_to_RCV_restored/cntr12bit.vhd   ;
; ../MII_to_RCV_restored/framemem.vhd   ; yes             ; User Wizard-Generated File             ; C:/Users/Negatu/Desktop/Spring 2015 - Dawning/ECE-559/MII_to_RCV_restored/framemem.vhd    ;
; ../MII_to_RCV_restored/MII_to_RCV.vhd ; yes             ; User VHDL File                         ; C:/Users/Negatu/Desktop/Spring 2015 - Dawning/ECE-559/MII_to_RCV_restored/MII_to_RCV.vhd  ;
; crc32x4r.vhd                          ; yes             ; User VHDL File                         ; C:/Users/Negatu/Desktop/Spring 2015 - Dawning/ECE-559/Receive_Port/crc32x4r.vhd           ;
; crcreg32.vhd                          ; yes             ; User Wizard-Generated File             ; C:/Users/Negatu/Desktop/Spring 2015 - Dawning/ECE-559/Receive_Port/crcreg32.vhd           ;
; CRC_FSM.vhd                           ; yes             ; User VHDL File                         ; C:/Users/Negatu/Desktop/Spring 2015 - Dawning/ECE-559/Receive_Port/CRC_FSM.vhd            ;
; CRC_System.vhd                        ; yes             ; User VHDL File                         ; C:/Users/Negatu/Desktop/Spring 2015 - Dawning/ECE-559/Receive_Port/CRC_System.vhd         ;
; SFD_FSM.vhd                           ; yes             ; User VHDL File                         ; C:/Users/Negatu/Desktop/Spring 2015 - Dawning/ECE-559/Receive_Port/SFD_FSM.vhd            ;
; crc_system_test.vhd                   ; yes             ; User VHDL File                         ; C:/Users/Negatu/Desktop/Spring 2015 - Dawning/ECE-559/Receive_Port/crc_system_test.vhd    ;
; shift1_4bit.vhd                       ; yes             ; User Wizard-Generated File             ; C:/Users/Negatu/Desktop/Spring 2015 - Dawning/ECE-559/Receive_Port/shift1_4bit.vhd        ;
; shift1_1bit.vhd                       ; yes             ; User Wizard-Generated File             ; C:/Users/Negatu/Desktop/Spring 2015 - Dawning/ECE-559/Receive_Port/shift1_1bit.vhd        ;
; altsyncram.tdf                        ; yes             ; Megafunction                           ; c:/altera/91sp2/quartus/libraries/megafunctions/altsyncram.tdf                            ;
; db/altsyncram_e781.tdf                ; yes             ; Auto-Generated Megafunction            ; C:/Users/Negatu/Desktop/Spring 2015 - Dawning/ECE-559/Receive_Port/db/altsyncram_e781.tdf ;
; myframemem.mif                        ; yes             ; Auto-Found Memory Initialization File  ; C:/Users/Negatu/Desktop/Spring 2015 - Dawning/ECE-559/Receive_Port/myframemem.mif         ;
; lpm_counter.tdf                       ; yes             ; Megafunction                           ; c:/altera/91sp2/quartus/libraries/megafunctions/lpm_counter.tdf                           ;
; db/cntr_k7j.tdf                       ; yes             ; Auto-Generated Megafunction            ; C:/Users/Negatu/Desktop/Spring 2015 - Dawning/ECE-559/Receive_Port/db/cntr_k7j.tdf        ;
; lpm_shiftreg.tdf                      ; yes             ; Megafunction                           ; c:/altera/91sp2/quartus/libraries/megafunctions/lpm_shiftreg.tdf                          ;
+---------------------------------------+-----------------+----------------------------------------+-------------------------------------------------------------------------------------------+


+-------------------------------------------------------+
; Analysis & Synthesis Resource Usage Summary           ;
+---------------------------------------------+---------+
; Resource                                    ; Usage   ;
+---------------------------------------------+---------+
; Estimated Total logic elements              ; 104     ;
;                                             ;         ;
; Total combinational functions               ; 93      ;
; Logic element usage by number of LUT inputs ;         ;
;     -- 4 input functions                    ; 53      ;
;     -- 3 input functions                    ; 12      ;
;     -- <=2 input functions                  ; 28      ;
;                                             ;         ;
; Logic elements by mode                      ;         ;
;     -- normal mode                          ; 82      ;
;     -- arithmetic mode                      ; 11      ;
;                                             ;         ;
; Total registers                             ; 70      ;
;     -- Dedicated logic registers            ; 70      ;
;     -- I/O registers                        ; 0       ;
;                                             ;         ;
; I/O pins                                    ; 6       ;
; Total memory bits                           ; 4096    ;
; Maximum fan-out node                        ; clock25 ;
; Maximum fan-out                             ; 74      ;
; Total fan-out                               ; 636     ;
; Average fan-out                             ; 3.68    ;
+---------------------------------------------+---------+


+--------------------------------------------------------------------------------------------------------------------------------------------------------------------------------------------------------------------------------------------------------------------------------------------------------------------+
; Analysis & Synthesis Resource Utilization by Entity                                                                                                                                                                                                                                                                ;
+---------------------------------------------------+-------------------+--------------+-------------+--------------+---------+-----------+------+--------------+-------------------------------------------------------------------------------------------------------------------------------------+--------------+
; Compilation Hierarchy Node                        ; LC Combinationals ; LC Registers ; Memory Bits ; DSP Elements ; DSP 9x9 ; DSP 18x18 ; Pins ; Virtual Pins ; Full Hierarchy Name                                                                                                                 ; Library Name ;
+---------------------------------------------------+-------------------+--------------+-------------+--------------+---------+-----------+------+--------------+-------------------------------------------------------------------------------------------------------------------------------------+--------------+
; |crc_system_test                                  ; 93 (1)            ; 70 (0)       ; 4096        ; 0            ; 0       ; 0         ; 6    ; 0            ; |crc_system_test                                                                                                                    ; work         ;
;    |CRC_System:crc_system_inst|                   ; 55 (0)            ; 37 (0)       ; 0           ; 0            ; 0       ; 0         ; 0    ; 0            ; |crc_system_test|CRC_System:crc_system_inst                                                                                         ;              ;
;       |CRC_FSM:CRC_FSM_inst|                      ; 16 (16)           ; 5 (4)        ; 0           ; 0            ; 0       ; 0         ; 0    ; 0            ; |crc_system_test|CRC_System:crc_system_inst|CRC_FSM:CRC_FSM_inst                                                                    ;              ;
;          |shift1_1bit:shift_check_result|         ; 0 (0)             ; 1 (0)        ; 0           ; 0            ; 0       ; 0         ; 0    ; 0            ; |crc_system_test|CRC_System:crc_system_inst|CRC_FSM:CRC_FSM_inst|shift1_1bit:shift_check_result                                     ;              ;
;             |lpm_shiftreg:lpm_shiftreg_component| ; 0 (0)             ; 1 (1)        ; 0           ; 0            ; 0       ; 0         ; 0    ; 0            ; |crc_system_test|CRC_System:crc_system_inst|CRC_FSM:CRC_FSM_inst|shift1_1bit:shift_check_result|lpm_shiftreg:lpm_shiftreg_component ;              ;
;       |crc32x4r:crc32x4r_inst|                    ; 39 (7)            ; 32 (0)       ; 0           ; 0            ; 0       ; 0         ; 0    ; 0            ; |crc_system_test|CRC_System:crc_system_inst|crc32x4r:crc32x4r_inst                                                                  ;              ;
;          |crcreg32:crcreg32r|                     ; 32 (0)            ; 32 (0)       ; 0           ; 0            ; 0       ; 0         ; 0    ; 0            ; |crc_system_test|CRC_System:crc_system_inst|crc32x4r:crc32x4r_inst|crcreg32:crcreg32r                                               ;              ;
;             |lpm_shiftreg:lpm_shiftreg_component| ; 32 (32)           ; 32 (32)      ; 0           ; 0            ; 0       ; 0         ; 0    ; 0            ; |crc_system_test|CRC_System:crc_system_inst|crc32x4r:crc32x4r_inst|crcreg32:crcreg32r|lpm_shiftreg:lpm_shiftreg_component           ;              ;
;    |MII_to_RCV:phy_inst|                          ; 27 (14)           ; 26 (14)      ; 4096        ; 0            ; 0       ; 0         ; 0    ; 0            ; |crc_system_test|MII_to_RCV:phy_inst                                                                                                ;              ;
;       |cntr12bit:cntrx|                           ; 13 (0)            ; 12 (0)       ; 0           ; 0            ; 0       ; 0         ; 0    ; 0            ; |crc_system_test|MII_to_RCV:phy_inst|cntr12bit:cntrx                                                                                ;              ;
;          |lpm_counter:lpm_counter_component|      ; 13 (0)            ; 12 (0)       ; 0           ; 0            ; 0       ; 0         ; 0    ; 0            ; |crc_system_test|MII_to_RCV:phy_inst|cntr12bit:cntrx|lpm_counter:lpm_counter_component                                              ;              ;
;             |cntr_k7j:auto_generated|             ; 13 (13)           ; 12 (12)      ; 0           ; 0            ; 0       ; 0         ; 0    ; 0            ; |crc_system_test|MII_to_RCV:phy_inst|cntr12bit:cntrx|lpm_counter:lpm_counter_component|cntr_k7j:auto_generated                      ;              ;
;       |framemem:frame_test_mem|                   ; 0 (0)             ; 0 (0)        ; 4096        ; 0            ; 0       ; 0         ; 0    ; 0            ; |crc_system_test|MII_to_RCV:phy_inst|framemem:frame_test_mem                                                                        ;              ;
;          |altsyncram:altsyncram_component|        ; 0 (0)             ; 0 (0)        ; 4096        ; 0            ; 0       ; 0         ; 0    ; 0            ; |crc_system_test|MII_to_RCV:phy_inst|framemem:frame_test_mem|altsyncram:altsyncram_component                                        ;              ;
;             |altsyncram_e781:auto_generated|      ; 0 (0)             ; 0 (0)        ; 4096        ; 0            ; 0       ; 0         ; 0    ; 0            ; |crc_system_test|MII_to_RCV:phy_inst|framemem:frame_test_mem|altsyncram:altsyncram_component|altsyncram_e781:auto_generated         ;              ;
;    |SFD_FSM:sfd_fsm_inst|                         ; 10 (6)            ; 7 (3)        ; 0           ; 0            ; 0       ; 0         ; 0    ; 0            ; |crc_system_test|SFD_FSM:sfd_fsm_inst                                                                                               ;              ;
;       |shift1_4bit:shift4bit_inst|                ; 4 (0)             ; 4 (0)        ; 0           ; 0            ; 0       ; 0         ; 0    ; 0            ; |crc_system_test|SFD_FSM:sfd_fsm_inst|shift1_4bit:shift4bit_inst                                                                    ;              ;
;          |lpm_shiftreg:lpm_shiftreg_component|    ; 4 (4)             ; 4 (4)        ; 0           ; 0            ; 0       ; 0         ; 0    ; 0            ; |crc_system_test|SFD_FSM:sfd_fsm_inst|shift1_4bit:shift4bit_inst|lpm_shiftreg:lpm_shiftreg_component                                ;              ;
+---------------------------------------------------+-------------------+--------------+-------------+--------------+---------+-----------+------+--------------+-------------------------------------------------------------------------------------------------------------------------------------+--------------+
Note: For table entries with two numbers listed, the numbers in parentheses indicate the number of resources of the given type used by the specific entity alone. The numbers listed outside of parentheses indicate the total resources of the given type used by the specific entity and all of its sub-entities in the hierarchy.


+-------------------------------------------------------------------------------------------------------------------------------------------------------------------------------------------------------------------------+
; Analysis & Synthesis RAM Summary                                                                                                                                                                                        ;
+-----------------------------------------------------------------------------------------------------------------------+------+------+--------------+--------------+--------------+--------------+------+----------------+
; Name                                                                                                                  ; Type ; Mode ; Port A Depth ; Port A Width ; Port B Depth ; Port B Width ; Size ; MIF            ;
+-----------------------------------------------------------------------------------------------------------------------+------+------+--------------+--------------+--------------+--------------+------+----------------+
; MII_to_RCV:phy_inst|framemem:frame_test_mem|altsyncram:altsyncram_component|altsyncram_e781:auto_generated|ALTSYNCRAM ; AUTO ; ROM  ; 1024         ; 4            ; --           ; --           ; 4096 ; myframemem.mif ;
+-----------------------------------------------------------------------------------------------------------------------+------+------+--------------+--------------+--------------+--------------+------+----------------+


Encoding Type:  One-Hot
+------------------------------------------------------------------------------------------------------------------+
; State Machine - |crc_system_test|CRC_System:crc_system_inst|CRC_FSM:CRC_FSM_inst|state_reg                       ;
+----------------------+-----------------+---------------+----------------------+----------------+-----------------+
; Name                 ; state_reg.CHECK ; state_reg.RUN ; state_reg.WAIT_STATE ; state_reg.INIT ; state_reg.RESET ;
+----------------------+-----------------+---------------+----------------------+----------------+-----------------+
; state_reg.RESET      ; 0               ; 0             ; 0                    ; 0              ; 0               ;
; state_reg.INIT       ; 0               ; 0             ; 0                    ; 1              ; 1               ;
; state_reg.WAIT_STATE ; 0               ; 0             ; 1                    ; 0              ; 1               ;
; state_reg.RUN        ; 0               ; 1             ; 0                    ; 0              ; 1               ;
; state_reg.CHECK      ; 1               ; 0             ; 0                    ; 0              ; 1               ;
+----------------------+-----------------+---------------+----------------------+----------------+-----------------+


Encoding Type:  One-Hot
+-----------------------------------------------------------------+
; State Machine - |crc_system_test|SFD_FSM:sfd_fsm_inst|y_current ;
+-------------+-------------+-------------+-----------------------+
; Name        ; y_current.C ; y_current.B ; y_current.A           ;
+-------------+-------------+-------------+-----------------------+
; y_current.A ; 0           ; 0           ; 0                     ;
; y_current.B ; 0           ; 1           ; 1                     ;
; y_current.C ; 1           ; 0           ; 1                     ;
+-------------+-------------+-------------+-----------------------+


Encoding Type:  One-Hot
+--------------------------------------------------------------------------------------------------------------+
; State Machine - |crc_system_test|MII_to_RCV:phy_inst|y_current                                               ;
+--------------------+----------------+---------------+-----------------+--------------------+-----------------+
; Name               ; y_current.done ; y_current.run ; y_current.waitx ; y_current.wait4run ; y_current.reset ;
+--------------------+----------------+---------------+-----------------+--------------------+-----------------+
; y_current.reset    ; 0              ; 0             ; 0               ; 0                  ; 0               ;
; y_current.wait4run ; 0              ; 0             ; 0               ; 1                  ; 1               ;
; y_current.waitx    ; 0              ; 0             ; 1               ; 0                  ; 1               ;
; y_current.run      ; 0              ; 1             ; 0               ; 0                  ; 1               ;
; y_current.done     ; 1              ; 0             ; 0               ; 0                  ; 1               ;
+--------------------+----------------+---------------+-----------------+--------------------+-----------------+


+-------------------------------------------------------------------------------------------------------------------+
; Registers Removed During Synthesis                                                                                ;
+-----------------------------------------------------------------+-------------------------------------------------+
; Register name                                                   ; Reason for Removal                              ;
+-----------------------------------------------------------------+-------------------------------------------------+
; MII_to_RCV:phy_inst|y_current.done                              ; Lost fanout                                     ;
; CRC_System:crc_system_inst|CRC_FSM:CRC_FSM_inst|state_reg.RESET ; Merged with MII_to_RCV:phy_inst|y_current.reset ;
; Total Number of Removed Registers = 2                           ;                                                 ;
+-----------------------------------------------------------------+-------------------------------------------------+


+------------------------------------------------------+
; General Register Statistics                          ;
+----------------------------------------------+-------+
; Statistic                                    ; Value ;
+----------------------------------------------+-------+
; Total registers                              ; 70    ;
; Number of registers using Synchronous Clear  ; 0     ;
; Number of registers using Synchronous Load   ; 12    ;
; Number of registers using Asynchronous Clear ; 66    ;
; Number of registers using Asynchronous Load  ; 0     ;
; Number of registers using Clock Enable       ; 54    ;
; Number of registers using Preset             ; 0     ;
+----------------------------------------------+-------+


+-----------------------------------------------------------------------------------------------------------------------------------+
; Source assignments for MII_to_RCV:phy_inst|framemem:frame_test_mem|altsyncram:altsyncram_component|altsyncram_e781:auto_generated ;
+---------------------------------+--------------------+------+---------------------------------------------------------------------+
; Assignment                      ; Value              ; From ; To                                                                  ;
+---------------------------------+--------------------+------+---------------------------------------------------------------------+
; OPTIMIZE_POWER_DURING_SYNTHESIS ; NORMAL_COMPILATION ; -    ; -                                                                   ;
+---------------------------------+--------------------+------+---------------------------------------------------------------------+


+----------------------------------------------------------------------------------------------+
; Source assignments for MII_to_RCV:phy_inst|cntr12bit:cntrx|lpm_counter:lpm_counter_component ;
+---------------------------+-------+------+---------------------------------------------------+
; Assignment                ; Value ; From ; To                                                ;
+---------------------------+-------+------+---------------------------------------------------+
; SUPPRESS_DA_RULE_INTERNAL ; a101  ; -    ; -                                                 ;
; SUPPRESS_DA_RULE_INTERNAL ; s102  ; -    ; -                                                 ;
; SUPPRESS_DA_RULE_INTERNAL ; s103  ; -    ; -                                                 ;
+---------------------------+-------+------+---------------------------------------------------+


+--------------------------------------------------------------------------------------------------------------------------+
; Parameter Settings for User Entity Instance: MII_to_RCV:phy_inst|framemem:frame_test_mem|altsyncram:altsyncram_component ;
+------------------------------------+----------------------+--------------------------------------------------------------+
; Parameter Name                     ; Value                ; Type                                                         ;
+------------------------------------+----------------------+--------------------------------------------------------------+
; BYTE_SIZE_BLOCK                    ; 8                    ; Untyped                                                      ;
; AUTO_CARRY_CHAINS                  ; ON                   ; AUTO_CARRY                                                   ;
; IGNORE_CARRY_BUFFERS               ; OFF                  ; IGNORE_CARRY                                                 ;
; AUTO_CASCADE_CHAINS                ; ON                   ; AUTO_CASCADE                                                 ;
; IGNORE_CASCADE_BUFFERS             ; OFF                  ; IGNORE_CASCADE                                               ;
; WIDTH_BYTEENA                      ; 1                    ; Untyped                                                      ;
; OPERATION_MODE                     ; ROM                  ; Untyped                                                      ;
; WIDTH_A                            ; 4                    ; Signed Integer                                               ;
; WIDTHAD_A                          ; 10                   ; Signed Integer                                               ;
; NUMWORDS_A                         ; 1024                 ; Signed Integer                                               ;
; OUTDATA_REG_A                      ; CLOCK0               ; Untyped                                                      ;
; ADDRESS_ACLR_A                     ; NONE                 ; Untyped                                                      ;
; OUTDATA_ACLR_A                     ; CLEAR0               ; Untyped                                                      ;
; WRCONTROL_ACLR_A                   ; NONE                 ; Untyped                                                      ;
; INDATA_ACLR_A                      ; NONE                 ; Untyped                                                      ;
; BYTEENA_ACLR_A                     ; NONE                 ; Untyped                                                      ;
; WIDTH_B                            ; 1                    ; Untyped                                                      ;
; WIDTHAD_B                          ; 1                    ; Untyped                                                      ;
; NUMWORDS_B                         ; 1                    ; Untyped                                                      ;
; INDATA_REG_B                       ; CLOCK1               ; Untyped                                                      ;
; WRCONTROL_WRADDRESS_REG_B          ; CLOCK1               ; Untyped                                                      ;
; RDCONTROL_REG_B                    ; CLOCK1               ; Untyped                                                      ;
; ADDRESS_REG_B                      ; CLOCK1               ; Untyped                                                      ;
; OUTDATA_REG_B                      ; UNREGISTERED         ; Untyped                                                      ;
; BYTEENA_REG_B                      ; CLOCK1               ; Untyped                                                      ;
; INDATA_ACLR_B                      ; NONE                 ; Untyped                                                      ;
; WRCONTROL_ACLR_B                   ; NONE                 ; Untyped                                                      ;
; ADDRESS_ACLR_B                     ; NONE                 ; Untyped                                                      ;
; OUTDATA_ACLR_B                     ; NONE                 ; Untyped                                                      ;
; RDCONTROL_ACLR_B                   ; NONE                 ; Untyped                                                      ;
; BYTEENA_ACLR_B                     ; NONE                 ; Untyped                                                      ;
; WIDTH_BYTEENA_A                    ; 1                    ; Signed Integer                                               ;
; WIDTH_BYTEENA_B                    ; 1                    ; Untyped                                                      ;
; RAM_BLOCK_TYPE                     ; AUTO                 ; Untyped                                                      ;
; BYTE_SIZE                          ; 8                    ; Untyped                                                      ;
; READ_DURING_WRITE_MODE_MIXED_PORTS ; DONT_CARE            ; Untyped                                                      ;
; READ_DURING_WRITE_MODE_PORT_A      ; NEW_DATA_NO_NBE_READ ; Untyped                                                      ;
; READ_DURING_WRITE_MODE_PORT_B      ; NEW_DATA_NO_NBE_READ ; Untyped                                                      ;
; INIT_FILE                          ; myframemem.mif       ; Untyped                                                      ;
; INIT_FILE_LAYOUT                   ; PORT_A               ; Untyped                                                      ;
; MAXIMUM_DEPTH                      ; 0                    ; Untyped                                                      ;
; CLOCK_ENABLE_INPUT_A               ; BYPASS               ; Untyped                                                      ;
; CLOCK_ENABLE_INPUT_B               ; NORMAL               ; Untyped                                                      ;
; CLOCK_ENABLE_OUTPUT_A              ; BYPASS               ; Untyped                                                      ;
; CLOCK_ENABLE_OUTPUT_B              ; NORMAL               ; Untyped                                                      ;
; CLOCK_ENABLE_CORE_A                ; USE_INPUT_CLKEN      ; Untyped                                                      ;
; CLOCK_ENABLE_CORE_B                ; USE_INPUT_CLKEN      ; Untyped                                                      ;
; ENABLE_ECC                         ; FALSE                ; Untyped                                                      ;
; DEVICE_FAMILY                      ; Cyclone II           ; Untyped                                                      ;
; CBXI_PARAMETER                     ; altsyncram_e781      ; Untyped                                                      ;
+------------------------------------+----------------------+--------------------------------------------------------------+
Note: In order to hide this table in the UI and the text report file, please set the "Show Parameter Settings Tables in Synthesis Report" option in "Analysis and Synthesis Settings -> More Settings" to "Off".


+--------------------------------------------------------------------------------------------------------------------+
; Parameter Settings for User Entity Instance: MII_to_RCV:phy_inst|cntr12bit:cntrx|lpm_counter:lpm_counter_component ;
+------------------------+-------------+-----------------------------------------------------------------------------+
; Parameter Name         ; Value       ; Type                                                                        ;
+------------------------+-------------+-----------------------------------------------------------------------------+
; AUTO_CARRY_CHAINS      ; ON          ; AUTO_CARRY                                                                  ;
; IGNORE_CARRY_BUFFERS   ; OFF         ; IGNORE_CARRY                                                                ;
; AUTO_CASCADE_CHAINS    ; ON          ; AUTO_CASCADE                                                                ;
; IGNORE_CASCADE_BUFFERS ; OFF         ; IGNORE_CASCADE                                                              ;
; LPM_WIDTH              ; 12          ; Signed Integer                                                              ;
; LPM_DIRECTION          ; UP          ; Untyped                                                                     ;
; LPM_MODULUS            ; 0           ; Untyped                                                                     ;
; LPM_AVALUE             ; UNUSED      ; Untyped                                                                     ;
; LPM_SVALUE             ; UNUSED      ; Untyped                                                                     ;
; LPM_PORT_UPDOWN        ; PORT_UNUSED ; Untyped                                                                     ;
; DEVICE_FAMILY          ; Cyclone II  ; Untyped                                                                     ;
; CARRY_CHAIN            ; MANUAL      ; Untyped                                                                     ;
; CARRY_CHAIN_LENGTH     ; 48          ; CARRY_CHAIN_LENGTH                                                          ;
; NOT_GATE_PUSH_BACK     ; ON          ; NOT_GATE_PUSH_BACK                                                          ;
; CARRY_CNT_EN           ; SMART       ; Untyped                                                                     ;
; LABWIDE_SCLR           ; ON          ; Untyped                                                                     ;
; USE_NEW_VERSION        ; TRUE        ; Untyped                                                                     ;
; CBXI_PARAMETER         ; cntr_k7j    ; Untyped                                                                     ;
+------------------------+-------------+-----------------------------------------------------------------------------+
Note: In order to hide this table in the UI and the text report file, please set the "Show Parameter Settings Tables in Synthesis Report" option in "Analysis and Synthesis Settings -> More Settings" to "Off".


+----------------------------------------------------------------------------------------------------------------------------------+
; Parameter Settings for User Entity Instance: SFD_FSM:sfd_fsm_inst|shift1_4bit:shift4bit_inst|lpm_shiftreg:lpm_shiftreg_component ;
+------------------------+------------+--------------------------------------------------------------------------------------------+
; Parameter Name         ; Value      ; Type                                                                                       ;
+------------------------+------------+--------------------------------------------------------------------------------------------+
; LPM_WIDTH              ; 4          ; Signed Integer                                                                             ;
; LPM_DIRECTION          ; RIGHT      ; Untyped                                                                                    ;
; LPM_AVALUE             ; UNUSED     ; Untyped                                                                                    ;
; LPM_SVALUE             ; UNUSED     ; Untyped                                                                                    ;
; DEVICE_FAMILY          ; Cyclone II ; Untyped                                                                                    ;
; AUTO_CARRY_CHAINS      ; ON         ; AUTO_CARRY                                                                                 ;
; IGNORE_CARRY_BUFFERS   ; OFF        ; IGNORE_CARRY                                                                               ;
; AUTO_CASCADE_CHAINS    ; ON         ; AUTO_CASCADE                                                                               ;
; IGNORE_CASCADE_BUFFERS ; OFF        ; IGNORE_CASCADE                                                                             ;
+------------------------+------------+--------------------------------------------------------------------------------------------+
Note: In order to hide this table in the UI and the text report file, please set the "Show Parameter Settings Tables in Synthesis Report" option in "Analysis and Synthesis Settings -> More Settings" to "Off".


+-----------------------------------------------------------------------------------------------------------------------------------------------------------------+
; Parameter Settings for User Entity Instance: CRC_System:crc_system_inst|CRC_FSM:CRC_FSM_inst|shift1_1bit:shift_check_result|lpm_shiftreg:lpm_shiftreg_component ;
+------------------------+------------+---------------------------------------------------------------------------------------------------------------------------+
; Parameter Name         ; Value      ; Type                                                                                                                      ;
+------------------------+------------+---------------------------------------------------------------------------------------------------------------------------+
; LPM_WIDTH              ; 1          ; Signed Integer                                                                                                            ;
; LPM_DIRECTION          ; RIGHT      ; Untyped                                                                                                                   ;
; LPM_AVALUE             ; UNUSED     ; Untyped                                                                                                                   ;
; LPM_SVALUE             ; UNUSED     ; Untyped                                                                                                                   ;
; DEVICE_FAMILY          ; Cyclone II ; Untyped                                                                                                                   ;
; AUTO_CARRY_CHAINS      ; ON         ; AUTO_CARRY                                                                                                                ;
; IGNORE_CARRY_BUFFERS   ; OFF        ; IGNORE_CARRY                                                                                                              ;
; AUTO_CASCADE_CHAINS    ; ON         ; AUTO_CASCADE                                                                                                              ;
; IGNORE_CASCADE_BUFFERS ; OFF        ; IGNORE_CASCADE                                                                                                            ;
+------------------------+------------+---------------------------------------------------------------------------------------------------------------------------+
Note: In order to hide this table in the UI and the text report file, please set the "Show Parameter Settings Tables in Synthesis Report" option in "Analysis and Synthesis Settings -> More Settings" to "Off".


+-------------------------------------------------------------------------------------------------------------------------------------------------------+
; Parameter Settings for User Entity Instance: CRC_System:crc_system_inst|crc32x4r:crc32x4r_inst|crcreg32:crcreg32r|lpm_shiftreg:lpm_shiftreg_component ;
+------------------------+------------+-----------------------------------------------------------------------------------------------------------------+
; Parameter Name         ; Value      ; Type                                                                                                            ;
+------------------------+------------+-----------------------------------------------------------------------------------------------------------------+
; LPM_WIDTH              ; 32         ; Signed Integer                                                                                                  ;
; LPM_DIRECTION          ; LEFT       ; Untyped                                                                                                         ;
; LPM_AVALUE             ; UNUSED     ; Untyped                                                                                                         ;
; LPM_SVALUE             ; UNUSED     ; Untyped                                                                                                         ;
; DEVICE_FAMILY          ; Cyclone II ; Untyped                                                                                                         ;
; AUTO_CARRY_CHAINS      ; ON         ; AUTO_CARRY                                                                                                      ;
; IGNORE_CARRY_BUFFERS   ; OFF        ; IGNORE_CARRY                                                                                                    ;
; AUTO_CASCADE_CHAINS    ; ON         ; AUTO_CASCADE                                                                                                    ;
; IGNORE_CASCADE_BUFFERS ; OFF        ; IGNORE_CASCADE                                                                                                  ;
+------------------------+------------+-----------------------------------------------------------------------------------------------------------------+
Note: In order to hide this table in the UI and the text report file, please set the "Show Parameter Settings Tables in Synthesis Report" option in "Analysis and Synthesis Settings -> More Settings" to "Off".


+-------------------------------------------------------------------------------------------------------------------------+
; altsyncram Parameter Settings by Entity Instance                                                                        ;
+-------------------------------------------+-----------------------------------------------------------------------------+
; Name                                      ; Value                                                                       ;
+-------------------------------------------+-----------------------------------------------------------------------------+
; Number of entity instances                ; 1                                                                           ;
; Entity Instance                           ; MII_to_RCV:phy_inst|framemem:frame_test_mem|altsyncram:altsyncram_component ;
;     -- OPERATION_MODE                     ; ROM                                                                         ;
;     -- WIDTH_A                            ; 4                                                                           ;
;     -- NUMWORDS_A                         ; 1024                                                                        ;
;     -- OUTDATA_REG_A                      ; CLOCK0                                                                      ;
;     -- WIDTH_B                            ; 1                                                                           ;
;     -- NUMWORDS_B                         ; 1                                                                           ;
;     -- ADDRESS_REG_B                      ; CLOCK1                                                                      ;
;     -- OUTDATA_REG_B                      ; UNREGISTERED                                                                ;
;     -- RAM_BLOCK_TYPE                     ; AUTO                                                                        ;
;     -- READ_DURING_WRITE_MODE_MIXED_PORTS ; DONT_CARE                                                                   ;
+-------------------------------------------+-----------------------------------------------------------------------------+


+-------------------------------------------------------------------------------------------------------------------------------------------------+
; lpm_shiftreg Parameter Settings by Entity Instance                                                                                              ;
+----------------------------+--------------------------------------------------------------------------------------------------------------------+
; Name                       ; Value                                                                                                              ;
+----------------------------+--------------------------------------------------------------------------------------------------------------------+
; Number of entity instances ; 3                                                                                                                  ;
; Entity Instance            ; SFD_FSM:sfd_fsm_inst|shift1_4bit:shift4bit_inst|lpm_shiftreg:lpm_shiftreg_component                                ;
;     -- LPM_WIDTH           ; 4                                                                                                                  ;
;     -- LPM_DIRECTION       ; RIGHT                                                                                                              ;
; Entity Instance            ; CRC_System:crc_system_inst|CRC_FSM:CRC_FSM_inst|shift1_1bit:shift_check_result|lpm_shiftreg:lpm_shiftreg_component ;
;     -- LPM_WIDTH           ; 1                                                                                                                  ;
;     -- LPM_DIRECTION       ; RIGHT                                                                                                              ;
; Entity Instance            ; CRC_System:crc_system_inst|crc32x4r:crc32x4r_inst|crcreg32:crcreg32r|lpm_shiftreg:lpm_shiftreg_component           ;
;     -- LPM_WIDTH           ; 32                                                                                                                 ;
;     -- LPM_DIRECTION       ; LEFT                                                                                                               ;
+----------------------------+--------------------------------------------------------------------------------------------------------------------+


+--------------------------------------------------------------------------------------------------+
; Port Connectivity Checks: "CRC_System:crc_system_inst|crc32x4r:crc32x4r_inst|crcreg32:crcreg32r" ;
+------+-------+----------+------------------------------------------------------------------------+
; Port ; Type  ; Severity ; Details                                                                ;
+------+-------+----------+------------------------------------------------------------------------+
; load ; Input ; Info     ; Stuck at VCC                                                           ;
+------+-------+----------+------------------------------------------------------------------------+


+-------------------------------+
; Analysis & Synthesis Messages ;
+-------------------------------+
Info: *******************************************************************
Info: Running Quartus II Analysis & Synthesis
    Info: Version 9.1 Build 350 03/24/2010 Service Pack 2 SJ Web Edition
    Info: Processing started: Tue Apr 28 12:40:14 2015
Info: Command: quartus_map --read_settings_files=on --write_settings_files=off Receive_Port -c Receive_Port
Info: Found 2 design units, including 1 entities, in source file /users/negatu/desktop/spring 2015 - dawning/ece-559/mii_to_rcv_restored/cntr12bit.vhd
    Info: Found design unit 1: cntr12bit-SYN
    Info: Found entity 1: cntr12bit
Info: Found 2 design units, including 1 entities, in source file /users/negatu/desktop/spring 2015 - dawning/ece-559/mii_to_rcv_restored/framemem.vhd
    Info: Found design unit 1: framemem-SYN
    Info: Found entity 1: framemem
Info: Found 2 design units, including 1 entities, in source file /users/negatu/desktop/spring 2015 - dawning/ece-559/mii_to_rcv_restored/mii_to_rcv.vhd
    Info: Found design unit 1: MII_to_RCV-test_bench
    Info: Found entity 1: MII_to_RCV
Info: Found 2 design units, including 1 entities, in source file sequencenumbercounter.vhd
    Info: Found design unit 1: SequenceNumberCounter-SequenceNumberCounter_arch
    Info: Found entity 1: SequenceNumberCounter
Info: Found 2 design units, including 1 entities, in source file sequencenumbercounter9bitvhd.vhd
    Info: Found design unit 1: sequencenumbercounter9bitvhd-SYN
    Info: Found entity 1: SequenceNumberCounter9BitVHD
Info: Found 2 design units, including 1 entities, in source file counter12.vhd
    Info: Found design unit 1: counter12-SYN
    Info: Found entity 1: counter12
Info: Found 2 design units, including 1 entities, in source file crc32x4r.vhd
    Info: Found design unit 1: crc32x4r-rtlreg
    Info: Found entity 1: crc32x4r
Info: Found 2 design units, including 1 entities, in source file crcfsm.vhd
    Info: Found design unit 1: crcFSM-behavior
    Info: Found entity 1: crcFSM
Info: Found 2 design units, including 1 entities, in source file crcreg32.vhd
    Info: Found design unit 1: crcreg32-SYN
    Info: Found entity 1: crcreg32
Info: Found 2 design units, including 1 entities, in source file shift2.vhd
    Info: Found design unit 1: shift2-SYN
    Info: Found entity 1: shift2
Info: Found 2 design units, including 1 entities, in source file tbrom4.vhd
    Info: Found design unit 1: tbrom4-SYN
    Info: Found entity 1: tbrom4
Info: Found 2 design units, including 1 entities, in source file crc_fsm.vhd
    Info: Found design unit 1: CRC_FSM-CRC_FSM_arch
    Info: Found entity 1: CRC_FSM
Info: Found 2 design units, including 1 entities, in source file crc_system.vhd
    Info: Found design unit 1: CRC_System-combined
    Info: Found entity 1: CRC_System
Info: Found 2 design units, including 1 entities, in source file data_dcff.vhd
    Info: Found design unit 1: data_dcff-SYN
    Info: Found entity 1: Data_DCFF
Info: Found 2 design units, including 1 entities, in source file length_dcff.vhd
    Info: Found design unit 1: length_dcff-SYN
    Info: Found entity 1: Length_DCFF
Info: Found 2 design units, including 1 entities, in source file data_buffer.vhd
    Info: Found design unit 1: Data_Buffer-Data_FSM_arch
    Info: Found entity 1: Data_Buffer
Info: Found 2 design units, including 1 entities, in source file test_bench1.vhd
    Info: Found design unit 1: test_bench1-tb_arch
    Info: Found entity 1: test_bench1
Info: Found 2 design units, including 1 entities, in source file receive_port.vhd
    Info: Found design unit 1: Receive_Port-test_arch
    Info: Found entity 1: Receive_Port
Info: Found 2 design units, including 1 entities, in source file crc_computer.vhd
    Info: Found design unit 1: crc_computer-test_arch
    Info: Found entity 1: crc_computer
Info: Found 2 design units, including 1 entities, in source file crc_compute.vhd
    Info: Found design unit 1: crc_compute-crc_arch
    Info: Found entity 1: crc_compute
Info: Found 2 design units, including 1 entities, in source file lengthcountersystem.vhd
    Info: Found design unit 1: LengthCounterSystem-combined
    Info: Found entity 1: LengthCounterSystem
Info: Found 2 design units, including 1 entities, in source file test.vhd
    Info: Found design unit 1: test-test_arch
    Info: Found entity 1: test
Info: Found 2 design units, including 1 entities, in source file sfd_fsm.vhd
    Info: Found design unit 1: SFD_FSM-behavior
    Info: Found entity 1: SFD_FSM
Info: Found 2 design units, including 1 entities, in source file shift2bit.vhd
    Info: Found design unit 1: shift2bit-SYN
    Info: Found entity 1: shift2bit
Info: Found 2 design units, including 1 entities, in source file crc_system_test.vhd
    Info: Found design unit 1: crc_system_test-crc_arch
    Info: Found entity 1: crc_system_test
Warning: Can't analyze file -- file test_shhift1_4bit.vhd is missing
Info: Found 2 design units, including 1 entities, in source file shift1_4bit.vhd
    Info: Found design unit 1: shift1_4bit-SYN
    Info: Found entity 1: shift1_4bit
Info: Found 2 design units, including 1 entities, in source file shift1_1bit.vhd
    Info: Found design unit 1: shift1_1bit-SYN
    Info: Found entity 1: shift1_1bit
Info: Found 2 design units, including 1 entities, in source file framevalidfsm.vhd
    Info: Found design unit 1: FrameValidFSM-simple_arch
    Info: Found entity 1: FrameValidFSM
Info: Found 2 design units, including 1 entities, in source file lengthvalidreg.vhd
    Info: Found design unit 1: lengthvalidreg-SYN
    Info: Found entity 1: lengthValidReg
Info: Found 2 design units, including 1 entities, in source file fwdoutputcntrlr.vhd
    Info: Found design unit 1: FwdOutputCntrlr-RegCountArch
    Info: Found entity 1: FwdOutputCntrlr
Info: Found 2 design units, including 1 entities, in source file framelengthvaluecomp.vhd
    Info: Found design unit 1: framelengthvaluecomp-SYN
    Info: Found entity 1: frameLengthValueComp
Info: Found 2 design units, including 1 entities, in source file outframelengthcounter.vhd
    Info: Found design unit 1: outframelengthcounter-SYN
    Info: Found entity 1: outFrameLengthCounter
Info: Found 2 design units, including 1 entities, in source file lengthcounterfsm.vhd
    Info: Found design unit 1: LengthCounterFSM-lengthCounterArch
    Info: Found entity 1: LengthCounterFSM
Info: Found 2 design units, including 1 entities, in source file lengthcounter.vhd
    Info: Found design unit 1: lengthcounter-SYN
    Info: Found entity 1: LengthCounter
Info: Elaborating entity "crc_system_test" for the top level hierarchy
Info: Elaborating entity "MII_to_RCV" for hierarchy "MII_to_RCV:phy_inst"
Info: Elaborating entity "framemem" for hierarchy "MII_to_RCV:phy_inst|framemem:frame_test_mem"
Info: Elaborating entity "altsyncram" for hierarchy "MII_to_RCV:phy_inst|framemem:frame_test_mem|altsyncram:altsyncram_component"
Info: Elaborated megafunction instantiation "MII_to_RCV:phy_inst|framemem:frame_test_mem|altsyncram:altsyncram_component"
Info: Instantiated megafunction "MII_to_RCV:phy_inst|framemem:frame_test_mem|altsyncram:altsyncram_component" with the following parameter:
    Info: Parameter "clock_enable_input_a" = "BYPASS"
    Info: Parameter "clock_enable_output_a" = "BYPASS"
    Info: Parameter "init_file" = "myframemem.mif"
    Info: Parameter "intended_device_family" = "Cyclone II"
    Info: Parameter "lpm_hint" = "ENABLE_RUNTIME_MOD=NO"
    Info: Parameter "lpm_type" = "altsyncram"
    Info: Parameter "numwords_a" = "1024"
    Info: Parameter "operation_mode" = "ROM"
    Info: Parameter "outdata_aclr_a" = "CLEAR0"
    Info: Parameter "outdata_reg_a" = "CLOCK0"
    Info: Parameter "widthad_a" = "10"
    Info: Parameter "width_a" = "4"
    Info: Parameter "width_byteena_a" = "1"
Info: Found 1 design units, including 1 entities, in source file db/altsyncram_e781.tdf
    Info: Found entity 1: altsyncram_e781
Info: Elaborating entity "altsyncram_e781" for hierarchy "MII_to_RCV:phy_inst|framemem:frame_test_mem|altsyncram:altsyncram_component|altsyncram_e781:auto_generated"
Info: Elaborating entity "cntr12bit" for hierarchy "MII_to_RCV:phy_inst|cntr12bit:cntrx"
Info: Elaborating entity "lpm_counter" for hierarchy "MII_to_RCV:phy_inst|cntr12bit:cntrx|lpm_counter:lpm_counter_component"
Info: Elaborated megafunction instantiation "MII_to_RCV:phy_inst|cntr12bit:cntrx|lpm_counter:lpm_counter_component"
Info: Instantiated megafunction "MII_to_RCV:phy_inst|cntr12bit:cntrx|lpm_counter:lpm_counter_component" with the following parameter:
    Info: Parameter "lpm_direction" = "UP"
    Info: Parameter "lpm_port_updown" = "PORT_UNUSED"
    Info: Parameter "lpm_type" = "LPM_COUNTER"
    Info: Parameter "lpm_width" = "12"
Info: Found 1 design units, including 1 entities, in source file db/cntr_k7j.tdf
    Info: Found entity 1: cntr_k7j
Info: Elaborating entity "cntr_k7j" for hierarchy "MII_to_RCV:phy_inst|cntr12bit:cntrx|lpm_counter:lpm_counter_component|cntr_k7j:auto_generated"
Info: Elaborating entity "SFD_FSM" for hierarchy "SFD_FSM:sfd_fsm_inst"
Info: Elaborating entity "shift1_4bit" for hierarchy "SFD_FSM:sfd_fsm_inst|shift1_4bit:shift4bit_inst"
Info: Elaborating entity "lpm_shiftreg" for hierarchy "SFD_FSM:sfd_fsm_inst|shift1_4bit:shift4bit_inst|lpm_shiftreg:lpm_shiftreg_component"
Info: Elaborated megafunction instantiation "SFD_FSM:sfd_fsm_inst|shift1_4bit:shift4bit_inst|lpm_shiftreg:lpm_shiftreg_component"
Info: Instantiated megafunction "SFD_FSM:sfd_fsm_inst|shift1_4bit:shift4bit_inst|lpm_shiftreg:lpm_shiftreg_component" with the following parameter:
    Info: Parameter "lpm_direction" = "RIGHT"
    Info: Parameter "lpm_type" = "LPM_SHIFTREG"
    Info: Parameter "lpm_width" = "4"
Info: Elaborating entity "CRC_System" for hierarchy "CRC_System:crc_system_inst"
Info: Elaborating entity "CRC_FSM" for hierarchy "CRC_System:crc_system_inst|CRC_FSM:CRC_FSM_inst"
Info: Elaborating entity "shift1_1bit" for hierarchy "CRC_System:crc_system_inst|CRC_FSM:CRC_FSM_inst|shift1_1bit:shift_check_result"
Info: Elaborating entity "lpm_shiftreg" for hierarchy "CRC_System:crc_system_inst|CRC_FSM:CRC_FSM_inst|shift1_1bit:shift_check_result|lpm_shiftreg:lpm_shiftreg_component"
Info: Elaborated megafunction instantiation "CRC_System:crc_system_inst|CRC_FSM:CRC_FSM_inst|shift1_1bit:shift_check_result|lpm_shiftreg:lpm_shiftreg_component"
Info: Instantiated megafunction "CRC_System:crc_system_inst|CRC_FSM:CRC_FSM_inst|shift1_1bit:shift_check_result|lpm_shiftreg:lpm_shiftreg_component" with the following parameter:
    Info: Parameter "lpm_direction" = "RIGHT"
    Info: Parameter "lpm_type" = "LPM_SHIFTREG"
    Info: Parameter "lpm_width" = "1"
Info: Elaborating entity "crc32x4r" for hierarchy "CRC_System:crc_system_inst|crc32x4r:crc32x4r_inst"
Info: Elaborating entity "crcreg32" for hierarchy "CRC_System:crc_system_inst|crc32x4r:crc32x4r_inst|crcreg32:crcreg32r"
Info: Elaborating entity "lpm_shiftreg" for hierarchy "CRC_System:crc_system_inst|crc32x4r:crc32x4r_inst|crcreg32:crcreg32r|lpm_shiftreg:lpm_shiftreg_component"
Info: Elaborated megafunction instantiation "CRC_System:crc_system_inst|crc32x4r:crc32x4r_inst|crcreg32:crcreg32r|lpm_shiftreg:lpm_shiftreg_component"
Info: Instantiated megafunction "CRC_System:crc_system_inst|crc32x4r:crc32x4r_inst|crcreg32:crcreg32r|lpm_shiftreg:lpm_shiftreg_component" with the following parameter:
    Info: Parameter "lpm_direction" = "LEFT"
    Info: Parameter "lpm_type" = "LPM_SHIFTREG"
    Info: Parameter "lpm_width" = "32"
Info: 1 registers lost all their fanouts during netlist optimizations. The first 1 are displayed below.
    Info: Register "MII_to_RCV:phy_inst|y_current.done" lost all its fanouts during netlist optimizations.
Warning: Ignored assignments for entity "Data_Buffer" -- entity does not exist in design
    Warning: Assignment for entity set_global_assignment -name LL_ROOT_REGION ON -entity Data_Buffer -section_id "Root Region" was ignored
    Warning: Assignment for entity set_global_assignment -name LL_MEMBER_STATE LOCKED -entity Data_Buffer -section_id "Root Region" was ignored
    Warning: Assignment for entity set_instance_assignment -name PARTITION_HIERARCHY root_partition -to | -entity Data_Buffer -section_id Top was ignored
    Warning: Assignment for entity set_global_assignment -name PARTITION_NETLIST_TYPE SOURCE -entity Data_Buffer -section_id Top was ignored
    Warning: Assignment for entity set_global_assignment -name PARTITION_COLOR 16764057 -entity Data_Buffer -section_id Top was ignored
    Warning: Assignment for entity set_global_assignment -name PARTITION_IMPORT_ASSIGNMENTS ON -entity Data_Buffer -section_id Top was ignored
    Warning: Assignment for entity set_global_assignment -name PARTITION_IMPORT_EXISTING_ASSIGNMENTS REPLACE_CONFLICTING -entity Data_Buffer -section_id Top was ignored
    Warning: Assignment for entity set_global_assignment -name PARTITION_IMPORT_EXISTING_LOGICLOCK_REGIONS REPLACE_CONFLICTING -entity Data_Buffer -section_id Top was ignored
    Warning: Assignment for entity set_global_assignment -name PARTITION_IMPORT_PIN_ASSIGNMENTS ON -entity Data_Buffer -section_id Top was ignored
    Warning: Assignment for entity set_global_assignment -name PARTITION_IMPORT_PROMOTE_ASSIGNMENTS ON -entity Data_Buffer -section_id Top was ignored
    Warning: Assignment for entity set_global_assignment -name PARTITION_TYPE STANDARD_PARTITION -entity Data_Buffer -section_id Top was ignored
Warning: Ignored assignments for entity "LengthCounterSystem" -- entity does not exist in design
    Warning: Assignment for entity set_global_assignment -name LL_ROOT_REGION ON -entity LengthCounterSystem -section_id "Root Region" was ignored
    Warning: Assignment for entity set_global_assignment -name LL_MEMBER_STATE LOCKED -entity LengthCounterSystem -section_id "Root Region" was ignored
    Warning: Assignment for entity set_instance_assignment -name PARTITION_HIERARCHY root_partition -to | -entity LengthCounterSystem -section_id Top was ignored
    Warning: Assignment for entity set_global_assignment -name PARTITION_NETLIST_TYPE SOURCE -entity LengthCounterSystem -section_id Top was ignored
    Warning: Assignment for entity set_global_assignment -name PARTITION_COLOR 16764057 -entity LengthCounterSystem -section_id Top was ignored
    Warning: Assignment for entity set_global_assignment -name PARTITION_IMPORT_ASSIGNMENTS ON -entity LengthCounterSystem -section_id Top was ignored
    Warning: Assignment for entity set_global_assignment -name PARTITION_IMPORT_EXISTING_ASSIGNMENTS REPLACE_CONFLICTING -entity LengthCounterSystem -section_id Top was ignored
    Warning: Assignment for entity set_global_assignment -name PARTITION_IMPORT_EXISTING_LOGICLOCK_REGIONS REPLACE_CONFLICTING -entity LengthCounterSystem -section_id Top was ignored
    Warning: Assignment for entity set_global_assignment -name PARTITION_IMPORT_PIN_ASSIGNMENTS ON -entity LengthCounterSystem -section_id Top was ignored
    Warning: Assignment for entity set_global_assignment -name PARTITION_IMPORT_PROMOTE_ASSIGNMENTS ON -entity LengthCounterSystem -section_id Top was ignored
    Warning: Assignment for entity set_global_assignment -name PARTITION_TYPE STANDARD_PARTITION -entity LengthCounterSystem -section_id Top was ignored
Info: Implemented 115 device resources after synthesis - the final resource count might be different
    Info: Implemented 2 input pins
    Info: Implemented 4 output pins
    Info: Implemented 105 logic cells
    Info: Implemented 4 RAM segments
Info: Quartus II Analysis & Synthesis was successful. 0 errors, 25 warnings
    Info: Peak virtual memory: 237 megabytes
    Info: Processing ended: Tue Apr 28 12:40:17 2015
    Info: Elapsed time: 00:00:03
    Info: Total CPU time (on all processors): 00:00:03


