Archive Project report for Receive_Port
Wed Apr 22 00:03:47 2015
Quartus II Version 9.1 Build 350 03/24/2010 Service Pack 2 SJ Web Edition


---------------------
; Table of Contents ;
---------------------
  1. Legal Notice
  2. Archive Project Summary
  3. Archive Project Messages
  4. Files Archived



----------------
; Legal Notice ;
----------------
Copyright (C) 1991-2010 Altera Corporation
Your use of Altera Corporation's design tools, logic functions 
and other software and tools, and its AMPP partner logic 
functions, and any output files from any of the foregoing 
(including device programming or simulation files), and any 
associated documentation or information are expressly subject 
to the terms and conditions of the Altera Program License 
Subscription Agreement, Altera MegaCore Function License 
Agreement, or other applicable license agreement, including, 
without limitation, that your use is for the sole purpose of 
programming logic devices manufactured by Altera and sold by 
Altera or its authorized distributors.  Please refer to the 
applicable agreement for further details.



+----------------------------------------------------------------+
; Archive Project Summary                                        ;
+------------------------+---------------------------------------+
; Archive Project Status ; Successful - Wed Apr 22 00:03:47 2015 ;
; Revision Name          ; Receive_Port                          ;
; Top-level Entity Name  ; Receive_Port                          ;
; Family                 ; Cyclone II                            ;
+------------------------+---------------------------------------+


+--------------------------+
; Archive Project Messages ;
+--------------------------+
Info: File Set 'Source control' contains:
    Info: Project source and settings files
    Info: Automatically detected source files
Info: ----------------------------------------------------------
Info: ----------------------------------------------------------
Info: Generated archive 'C:/Users/Negatu/Desktop/Spring 2015 - Dawning/ECE-559/Receive_Port/Receive_Port.qar'
Info: ----------------------------------------------------------
Info: ----------------------------------------------------------
Info: Generated report 'Receive_Port.archive.rpt'
Info: Evaluation of Tcl script c:/altera/91sp2/quartus/common/tcl/apps/qpm/qar.tcl was successful
Info: Quartus II Shell was successful. 0 errors, 0 warnings
    Info: Peak virtual memory: 149 megabytes
    Info: Processing ended: Wed Apr 22 00:03:47 2015
    Info: Elapsed time: 00:00:03
    Info: Total CPU time (on all processors): 00:00:01


+------------------------------------------------------------------------------------------+
; Files Archived                                                                           ;
+------------------------------------------------------------------------------------------+
; File Name                                                                                ;
+------------------------------------------------------------------------------------------+
; ../MII_to_RCV_restored/cntr12bit.vhd                                                     ;
; ../MII_to_RCV_restored/framemem.vhd                                                      ;
; ../MII_to_RCV_restored/MII_to_RCV.vhd                                                    ;
; c:/altera/91sp2/quartus/bin/assignment_defaults.qdf                                      ;
; C:/Users/Negatu/Desktop/Spring 2015 - Dawning/ECE-559/MII_to_RCV_restored/cntr12bit.vhd  ;
; C:/Users/Negatu/Desktop/Spring 2015 - Dawning/ECE-559/MII_to_RCV_restored/framemem.vhd   ;
; C:/Users/Negatu/Desktop/Spring 2015 - Dawning/ECE-559/MII_to_RCV_restored/MII_to_RCV.vhd ;
; counter12.vhd                                                                            ;
; crc32x4r.vhd                                                                             ;
; crc_compute.vhd                                                                          ;
; crc_compute.vwf                                                                          ;
; crc_computer.vhd                                                                         ;
; CRC_FSM.vhd                                                                              ;
; CRC_System.vhd                                                                           ;
; crc_system_test.vhd                                                                      ;
; crc_system_test.vwf                                                                      ;
; crcFSM.vhd                                                                               ;
; crcreg32.vhd                                                                             ;
; Data_Buffer.vhd                                                                          ;
; Data_DCFF.cmp                                                                            ;
; Data_DCFF.qip                                                                            ;
; Data_DCFF.vhd                                                                            ;
; Data_DCFF_inst.vhd                                                                       ;
; Data_DCFF_syn.v                                                                          ;
; db/Receive_Port.sim.cvwf                                                                 ;
; frameLengthValueComp.vhd                                                                 ;
; FrameValidFSM.vhd                                                                        ;
; FrameValidFSM.vwf                                                                        ;
; FwdOutputCntrlr.vhd                                                                      ;
; Length_DCFF.qip                                                                          ;
; Length_DCFF.vhd                                                                          ;
; LengthCounter.vhd                                                                        ;
; LengthCounterFSM.vhd                                                                     ;
; LengthCounterSystem.vhd                                                                  ;
; lengthcountersystem.vhd                                                                  ;
; lengthValidReg.vhd                                                                       ;
; outFrameLengthCounter.vhd                                                                ;
; Receive_Port.qpf                                                                         ;
; Receive_Port.qsf                                                                         ;
; Receive_Port.vhd                                                                         ;
; Receive_Port.vwf                                                                         ;
; SequenceNumberCounter.vhd                                                                ;
; SequenceNumberCounter9BitVHD.vhd                                                         ;
; SFD_FSM.vhd                                                                              ;
; SFD_FSM.vwf                                                                              ;
; shift1_1bit.qip                                                                          ;
; shift1_1bit.vhd                                                                          ;
; shift1_4bit.qip                                                                          ;
; shift1_4bit.vhd                                                                          ;
; shift1_4bit.vwf                                                                          ;
; shift2.vhd                                                                               ;
; shift2bit.qip                                                                            ;
; shift2bit.vhd                                                                            ;
; tbrom4.vhd                                                                               ;
; test.vhd                                                                                 ;
; test_bench1.vhd                                                                          ;
+------------------------------------------------------------------------------------------+


